<?xml version="1.0" encoding="UTF-8"?>
<!-- Generated by org.testng.reporters.JUnitXMLReporter -->
<testsuite ignored="2" hostname="DESKTOP-T1C0MS0" failures="1" tests="1" name="Test WikiPage" time="10.393" errors="0" timestamp="2023-11-16T19:15:28 IST">
  <testcase classname="seleniumphase2.TestClass" name="method1" time="2.298">
    <failure type="java.lang.AssertionError" message="The title of the page is not valid expected [Create account wiki] but found [Create account - Wikipedia]">
      <![CDATA[java.lang.AssertionError: The title of the page is not valid expected [Create account wiki] but found [Create account - Wikipedia]
at seleniumphase2.TestClass.method1(TestClass.java:20)
at java.base/java.util.ArrayList.forEach(ArrayList.java:1511)
... Removed 32 stack frames]]>
    </failure>
  </testcase> <!-- method1 -->
  <testcase classname="seleniumphase2.TestClass" name="method2" time="0.0">
    <ignored/>
  </testcase> <!-- method2 -->
  <testcase classname="seleniumphase2.TestClass" name="method3" time="0.0">
    <ignored/>
  </testcase> <!-- method3 -->
</testsuite> <!-- Test WikiPage -->
